
C5.0 [Release 2.07 GPL Edition]  	Sun Mar 28 15:40:34 2021
-------------------------------

    Options:
	Application `../tic-tac-toe/tic-tac-toe'

Class specified by attribute `class'

Read 770 cases (10 attributes) from ../tic-tac-toe/tic-tac-toe.data

Decision tree:

top-left-square = x: positive (304/9)
top-left-square = o:
:...middle-middle-square = o:
:   :...bottom-right-square in {o,b}: negative (48)
:   :   bottom-right-square = x:
:   :   :...top-right-square = o: negative (10/3)
:   :       top-right-square = b: positive (6/2)
:   :       top-right-square = x:
:   :       :...middle-right-square in {x,b}: positive (18/2)
:   :           middle-right-square = o: negative (5/1)
:   middle-middle-square = b:
:   :...bottom-right-square in {o,b}: negative (11)
:   :   bottom-right-square = x:
:   :   :...top-right-square = x: positive (18/3)
:   :       top-right-square = o:
:   :       :...top-middle-square = b: negative (0)
:   :       :   top-middle-square = x: positive (3/1)
:   :       :   top-middle-square = o: negative (7)
:   :       top-right-square = b:
:   :       :...bottom-left-square = b: positive (0)
:   :           bottom-left-square = x: positive (4)
:   :           bottom-left-square = o: negative (3)
:   middle-middle-square = x:
:   :...top-right-square = o:
:       :...top-middle-square = x: positive (26/4)
:       :   top-middle-square in {o,b}: negative (23)
:       top-right-square = b:
:       :...middle-left-square in {x,b}: positive (20)
:       :   middle-left-square = o:
:       :   :...bottom-left-square in {x,b}: positive (6)
:       :       bottom-left-square = o: negative (7)
:       top-right-square = x:
:       :...bottom-left-square in {x,b}: positive (50)
:           bottom-left-square = o:
:           :...middle-left-square = o: negative (10)
:               middle-left-square = b: positive (5/1)
:               middle-left-square = x:
:               :...middle-right-square = b: positive (0)
:                   middle-right-square = x: positive (5)
:                   middle-right-square = o: negative (3/1)
top-left-square = b:
:...middle-middle-square = b:
    :...bottom-right-square = b: positive (0)
    :   bottom-right-square = x: positive (14)
    :   bottom-right-square = o: negative (8)
    middle-middle-square = o:
    :...bottom-right-square in {o,b}: negative (17)
    :   bottom-right-square = x:
    :   :...top-right-square = x:
    :       :...middle-right-square = x: positive (12)
    :       :   middle-right-square in {o,b}: negative (10/2)
    :       top-right-square = o:
    :       :...bottom-left-square = b: negative (0)
    :       :   bottom-left-square = x: positive (5/1)
    :       :   bottom-left-square = o: negative (10)
    :       top-right-square = b:
    :       :...bottom-middle-square = x: positive (4/1)
    :           bottom-middle-square in {o,b}: negative (4)
    middle-middle-square = x:
    :...bottom-right-square in {x,b}: positive (43)
        bottom-right-square = o:
        :...bottom-middle-square = x: positive (22/3)
            bottom-middle-square = o:
            :...bottom-left-square in {x,b}: positive (10/1)
            :   bottom-left-square = o: negative (7)
            bottom-middle-square = b:
            :...top-right-square in {x,b}: positive (7)
                top-right-square = o:
                :...middle-right-square = b: negative (0)
                    middle-right-square = x: positive (2)
                    middle-right-square = o: negative (3)


Evaluation on training data (770 cases):

	    Decision Tree   
	  ----------------  
	  Size      Errors  

	    38   35( 4.5%)   <<


	   (a)   (b)    <-classified as
	  ----  ----
	   556     7    (a): class positive
	    28   179    (b): class negative


	Attribute usage:

	    100%  top-left-square
	     61%  middle-middle-square
	     40%  bottom-right-square
	     37%  top-right-square
	     16%  bottom-left-square
	      8%  top-middle-square
	      8%  bottom-middle-square
	      8%  middle-right-square
	      7%  middle-left-square


Evaluation on test data (188 cases):

	    Decision Tree   
	  ----------------  
	  Size      Errors  

	    38  130(69.1%)   <<


	   (a)   (b)    <-classified as
	  ----  ----
	    48    15    (a): class positive
	   115    10    (b): class negative


Time: 0.0 secs
