
C5.0 [Release 2.07 GPL Edition]  	Sun Mar 28 15:28:40 2021
-------------------------------

    Options:
	Application `../splice/splice'

Class specified by attribute `class'

Read 3190 cases (61 attributes) from ../splice/splice.data

Decision tree:

-1 in {D,S,R}: N (0)
-1 = N: EI (1)
-1 = C:
:...0 in {D,N,S,R}: N (0)
:   0 in {A,C,T}: N (376/1)
:   0 = G:
:   :...1 in {D,N,S,R}: N (0)
:       1 in {A,C,G}: N (33)
:       1 = T:
:       :...4 in {D,N,S,R}: EI (0)
:           4 in {A,C,T}: N (7)
:           4 = G: EI (26/3)
-1 = T:
:...4 in {D,N,S,R}: N (0)
:   4 in {A,C,T}: N (316/1)
:   4 = G:
:   :...0 in {D,N,S,R}: N (0)
:       0 in {A,C,T}: N (54)
:       0 = G:
:       :...1 in {D,N,S,R}: EI (0)
:           1 in {A,C,G}: N (20)
:           1 = T:
:           :...3 in {D,N,S,R}: EI (0)
:               3 in {A,C}: EI (56/1)
:               3 in {T,G}: N (5/1)
-1 = A:
:...1 in {D,N,S,R}: N (0)
:   1 in {A,C,G}: N (317/2)
:   1 = T:
:   :...0 in {D,N,S,R}: N (0)
:       0 in {A,C,T}: N (75)
:       0 = G:
:       :...4 in {D,N,S,R}: EI (0)
:           4 in {A,C,T}: N (19/2)
:           4 = G:
:           :...3 in {D,N,S,R}: EI (0)
:               3 = A: EI (55/1)
:               3 in {C,G}: N (2)
:               3 = T:
:               :...-2 in {C,T,D,N,S,R}: EI (0)
:                   -2 = A: EI (4)
:                   -2 = G: N (2)
-1 = G:
:...-2 in {D,N,S,R}: IE (0)
    -2 = C:
    :...1 in {D,N,S,R}: EI (0)
    :   1 in {A,C,G}: N (35)
    :   1 = T:
    :   :...0 in {A,D,N,S,R}: EI (0)
    :       0 in {C,T}: N (7)
    :       0 = G: EI (62/2)
    -2 = T:
    :...1 in {D,N,S,R}: N (0)
    :   1 in {A,C,G}: N (103/2)
    :   1 = T:
    :   :...0 in {D,N,S,R}: EI (0)
    :       0 in {A,C,T}: N (25)
    :       0 = G: EI (93/7)
    -2 = G:
    :...1 in {D,N,S,R}: N (0)
    :   1 in {A,C,G}: N (106/3)
    :   1 = T:
    :   :...0 in {D,N,S,R}: EI (0)
    :       0 in {A,C,T}: N (16)
    :       0 = G:
    :       :...4 in {D,N,S,R}: EI (0)
    :           4 in {A,C,G}: EI (85/2)
    :           4 = T:
    :           :...-11 in {D,N,S,R}: N (0)
    :               -11 in {A,T,G}: N (6)
    :               -11 = C: EI (4)
    -2 = A:
    :...1 in {D,N,S,R}: IE (0)
        1 = C:
        :...-3 in {D,N,S,R}: IE (0)
        :   -3 in {C,T}: IE (172/16)
        :   -3 = G: N (9/2)
        :   -3 = A:
        :   :...-12 in {D,N,S,R}: N (0)
        :       -12 in {A,G}: N (7)
        :       -12 in {C,T}: IE (8/2)
        1 = G:
        :...-3 in {D,N,S,R}: IE (0)
        :   -3 in {C,T}: IE (182/14)
        :   -3 = G: N (9/1)
        :   -3 = A:
        :   :...3 in {D,N,S,R}: N (0)
        :       3 in {A,T}: IE (3)
        :       3 in {C,G}: N (10)
        1 = A:
        :...-3 in {D,N,S,R}: IE (0)
        :   -3 in {A,G}: N (33/4)
        :   -3 = T: IE (51/4)
        :   -3 = C:
        :   :...-13 in {D,N,S,R}: IE (0)
        :       -13 in {C,T}: IE (116/2)
        :       -13 = A:
        :       :...-14 in {T,D,N,S,R}: IE (0)
        :       :   -14 in {A,G}: N (4/1)
        :       :   -14 = C: IE (6)
        :       -13 = G:
        :       :...-11 in {G,D,N,S,R}: IE (0)
        :           -11 = A: N (4)
        :           -11 = T: IE (6)
        :           -11 = C:
        :           :...-17 in {A,C,D,N,S,R}: N (0)
        :               -17 = T: N (2)
        :               -17 = G: IE (2)
        1 = T:
        :...0 in {D,N,S,R}: EI (0)
            0 in {A,C}: IE (122/9)
            0 = T:
            :...-3 in {D,N,S,R}: IE (0)
            :   -3 in {A,G}: N (4)
            :   -3 in {C,T}: IE (28)
            0 = G:
            :...4 in {D,N,S,R}: EI (0)
                4 = C:
                :...2 in {D,N,S,R}: IE (0)
                :   2 = A: EI (20/2)
                :   2 in {C,T}: IE (24/2)
                :   2 = G:
                :   :...-12 in {D,N,S,R}: IE (0)
                :       -12 in {A,G}: EI (11/1)
                :       -12 in {C,T}: IE (14/2)
                4 = T:
                :...2 in {D,N,S,R}: EI (0)
                :   2 = A: EI (30/5)
                :   2 in {C,T}: IE (12/2)
                :   2 = G:
                :   :...-9 in {G,D,N,S,R}: IE (0)
                :       -9 = A: EI (4)
                :       -9 in {C,T}: IE (12)
                4 = G:
                :...-3 in {D,N,S,R}: EI (0)
                :   -3 in {A,C,G}: EI (306/16)
                :   -3 = T:
                :   :...-7 in {A,T,D,N,S,R}: EI (0)
                :       -7 = C: IE (6)
                :       -7 = G: EI (10)
                4 = A:
                :...-3 in {D,N,S,R}: EI (0)
                    -3 in {A,G}: EI (19/2)
                    -3 = T: IE (5/1)
                    -3 = C:
                    :...18 in {D,N,S,R}: IE (0)
                        18 in {A,C}: IE (14/2)
                        18 = T: EI (6)
                        18 = G:
                        :...-9 in {A,D,N,S,R}: IE (0)
                            -9 = C: EI (2)
                            -9 in {T,G}: IE (7)


Evaluation on training data (3190 cases):

	    Decision Tree   
	  ----------------  
	  Size      Errors  

	    65 1088(34.1%)   <<


	   (a)   (b)   (c)    <-classified as
	  ----  ----  ----
	  1607          48    (a): class N
	   758     1     8    (b): class EI
	   274         494    (c): class IE


	Attribute usage:

	    100%  -1
	     93%  0
	     92%  1
	     80%  4
	     72%  -2
	     63%  -3
	     42%  -13
	     38%  3
	     31%  -12
	     29%  -14
	     28%  2
	     28%  -11
	     20%  18
	     18%  -17
	     18%  -9
	      7%  -7


Time: 0.0 secs
