
C5.0 [Release 2.07 GPL Edition]  	Sun Mar 28 15:40:34 2021
-------------------------------

    Options:
	Application `../splice/splice'

Class specified by attribute `class'

Read 2553 cases (61 attributes) from ../splice/splice.data

Decision tree:

-1 in {D,S,R}: N (0)
-1 = N: EI (1)
-1 = C:
:...0 in {D,N,S,R}: N (0)
:   0 in {A,C,T}: N (219/1)
:   0 = G:
:   :...1 in {D,N,S,R}: N (0)
:       1 in {A,C,G}: N (19)
:       1 = T:
:       :...4 in {A,D,N,S,R}: EI (0)
:           4 in {C,T}: N (5)
:           4 = G: EI (24/1)
-1 = A:
:...1 in {D,N,S,R}: N (0)
:   1 in {A,C,G}: N (208/2)
:   1 = T:
:   :...0 in {D,N,S,R}: EI (0)
:       0 in {A,C,T}: N (46)
:       0 = G:
:       :...4 in {D,N,S,R}: EI (0)
:           4 in {A,C,T}: N (12/2)
:           4 = G:
:           :...2 in {D,N,S,R}: EI (0)
:               2 in {A,G}: EI (58)
:               2 in {C,T}: N (3)
-1 = T:
:...4 in {D,N,S,R}: N (0)
:   4 in {A,C,T}: N (200/1)
:   4 = G:
:   :...1 in {D,N,S,R}: EI (0)
:       1 in {A,C,G}: N (34)
:       1 = T:
:       :...0 in {D,N,S,R}: EI (0)
:           0 in {A,C,T}: N (14)
:           0 = G:
:           :...3 in {D,N,S,R}: EI (0)
:               3 in {A,C}: EI (55)
:               3 in {T,G}: N (5/1)
-1 = G:
:...-2 in {D,N,S,R}: IE (0)
    -2 = C:
    :...1 in {D,N,S,R}: EI (0)
    :   1 in {A,C,G}: N (18)
    :   1 = T:
    :   :...4 in {T,D,N,S,R}: EI (0)
    :       4 in {A,C}: N (8/1)
    :       4 = G: EI (59)
    -2 = T:
    :...1 in {D,N,S,R}: N (0)
    :   1 in {A,C,G}: N (70/2)
    :   1 = T:
    :   :...0 in {D,N,S,R}: EI (0)
    :       0 in {A,C,T}: N (15)
    :       0 = G: EI (92/6)
    -2 = G:
    :...1 in {D,N,S,R}: EI (0)
    :   1 in {A,C,G}: N (64/3)
    :   1 = T:
    :   :...0 in {D,N,S,R}: EI (0)
    :       0 in {A,C,T}: N (12)
    :       0 = G: EI (90/3)
    -2 = A:
    :...1 in {D,N,S,R}: IE (0)
        1 = A:
        :...-3 in {D,N,S,R}: IE (0)
        :   -3 in {C,T}: IE (184/8)
        :   -3 = G: N (9/1)
        :   -3 = A:
        :   :...-12 in {G,D,N,S,R}: N (0)
        :       -12 in {A,T}: N (8)
        :       -12 = C: IE (4/1)
        1 = G:
        :...-3 in {D,N,S,R}: IE (0)
        :   -3 in {C,T}: IE (179/11)
        :   -3 = G: N (6/1)
        :   -3 = A:
        :   :...17 in {A,D,N,S,R}: N (0)
        :       17 in {C,T}: N (5)
        :       17 = G: IE (3)
        1 = C:
        :...-6 in {D,N,S,R}: IE (0)
        :   -6 in {C,T}: IE (151/5)
        :   -6 = A:
        :   :...-26 in {D,N,S,R}: IE (0)
        :   :   -26 = A: N (4)
        :   :   -26 in {C,T,G}: IE (7/1)
        :   -6 = G:
        :   :...15 in {D,N,S,R}: IE (0)
        :       15 = C: IE (7)
        :       15 = T: EI (2/1)
        :       15 = G: N (4)
        :       15 = A:
        :       :...-13 in {T,D,N,S,R}: N (0)
        :           -13 in {A,G}: N (3)
        :           -13 = C: IE (3)
        1 = T:
        :...0 in {D,N,S,R}: EI (0)
            0 in {A,C}: IE (115/2)
            0 = T:
            :...-3 in {D,N,S,R}: IE (0)
            :   -3 in {A,G}: N (3)
            :   -3 in {C,T}: IE (28)
            0 = G:
            :...4 in {D,N,S,R}: EI (0)
                4 = C:
                :...2 in {D,N,S,R}: IE (0)
                :   2 = A: EI (20/2)
                :   2 in {C,T}: IE (22)
                :   2 = G:
                :   :...-12 in {D,N,S,R}: IE (0)
                :       -12 in {A,G}: EI (11/1)
                :       -12 in {C,T}: IE (13/1)
                4 = T:
                :...2 in {D,N,S,R}: EI (0)
                :   2 = A: EI (29/4)
                :   2 in {C,T}: IE (12/2)
                :   2 = G:
                :   :...-9 in {G,D,N,S,R}: IE (0)
                :       -9 = A: EI (4)
                :       -9 in {C,T}: IE (12)
                4 = G:
                :...-3 in {D,N,S,R}: EI (0)
                :   -3 in {A,C,G}: EI (306/16)
                :   -3 = T:
                :   :...-7 in {A,T,D,N,S,R}: EI (0)
                :       -7 = C: IE (6)
                :       -7 = G: EI (10)
                4 = A:
                :...-3 in {D,N,S,R}: EI (0)
                    -3 in {A,G}: EI (18/1)
                    -3 = T: IE (5/1)
                    -3 = C:
                    :...18 in {D,N,S,R}: IE (0)
                        18 in {A,C}: IE (14/2)
                        18 = T: EI (6)
                        18 = G:
                        :...-9 in {A,D,N,S,R}: IE (0)
                            -9 = C: EI (2)
                            -9 in {T,G}: IE (7)


Evaluation on training data (2553 cases):

	    Decision Tree   
	  ----------------  
	  Size      Errors  

	    60  805(31.5%)   <<


	   (a)   (b)   (c)    <-classified as
	  ----  ----  ----
	   923    14    81    (a): class N
	   449    78   240    (b): class EI
	    21         747    (c): class IE


	Attribute usage:

	    100%  -1
	     95%  1
	     94%  0
	     85%  4
	     77%  -2
	     59%  -3
	     58%  -6
	     41%  2
	     39%  -26
	     36%  -12
	     32%  3
	     29%  15
	     24%  17
	     23%  18
	     21%  -9
	     21%  -13
	      8%  -7


Evaluation on test data (637 cases):

	    Decision Tree   
	  ----------------  
	  Size      Errors  

	    60   68(10.7%)   <<


	   (a)   (b)   (c)    <-classified as
	  ----  ----  ----
	   569     9    59    (a): class N
	                      (b): class EI
	                      (c): class IE


Time: 0.0 secs
