Mdi:ArrangeIcons
wm geometry . 1246x648+70+49
ScopeSigMgr:loadpffile /home/pedro/ACxML/electrical_simulation/8bit/8bit_CSA_SMA.tr0 1 openonly
# PF:1
wm geometry .sigmgr._PF:1 290x361+683+384
wm geometry .sigmgr 475x244+0+0
wm geometry .sigmgr 475x244+686+192
wm geometry .sigmgr._PF:1 290x361+628+145
Mdi:ArrangeIcons
wm geometry .sigmgr 475x244+0+0
wm geometry .sigmgr 475x244+686+192
Mdi:ArrangeIcons
wm geometry .sigmgr 475x244+0+0
wm geometry .sigmgr 475x244+686+192
wm geometry .sigmgr._PF:1 290x361+624+42
wm geometry .sigmgr._PF:1 1366x714+0+26
Mdi:ArrangeIcons
Mdi:ArrangeIcons
wm geometry . 1246x648+47+69
wm geometry .sigmgr._PF:1 1366x714+624+42
wm geometry .sigmgr._PF:1 290x361+624+42
wm geometry .sigmgr._PF:1 290x361+626+178
pf:read PF:1 v(a0)
# WF:1:1
Graph addsignal WF:1:1 -region new -yview real(y) -xview real(x) -tracehi 2
# Signal0
pf:read PF:1 v(s1)
# WF:1:2
Graph addsignal WF:1:2 -region new -yview real(y) -xview real(x) -tracehi 2
# Signal1
pf:read PF:1 v(s2)
# WF:1:3
Graph addsignal WF:1:3 -region new -yview real(y) -xview real(x) -tracehi 2
# Signal2
GrXY:NewGraph
# Graph1
pf:read PF:1 v(s0)
# WF:1:4
Graph addsignal WF:1:4 -region new -yview real(y) -xview real(x) -tracehi 2
# Signal0
pf:read PF:1 v(s0)
# WF:1:4
Graph addsignal WF:1:4 -region new -yview real(y) -xview real(x) -tracehi 2
# Signal1
pf:read PF:1 v(s3)
# WF:1:5
Graph addsignal WF:1:5 -region new -yview real(y) -xview real(x) -tracehi 2
# Signal2
pf:read PF:1 v(s4)
# WF:1:6
Graph addsignal WF:1:6 -region new -yview real(y) -xview real(x) -tracehi 2
# Signal3
pf:read PF:1 v(s7)
# WF:1:7
Graph addsignal WF:1:7 -region new -yview real(y) -xview real(x) -tracehi 2
# Signal4
wm geometry .sigmgr 475x244+0+0
wm geometry .sigmgr 475x244+686+192
ScopeSigMgr:Unload 0 {{(1) 8bit_CSA_SMA.tr0}}
Graph1 delsignal Signal0
Graph1 delsignal Signal1
Graph1 delsignal Signal2
Graph1 delsignal Signal3
Graph1 delsignal Signal4
